<?xml version="1.0" encoding="utf-8"?>
<?AutomationStudio Version="4.7.2.98"?>
<Objects>
  <Object
    Path="D:\github\Industrial-automation\Foerderband\Logical\Package.pkg"
    LogicalPath=""
    Type="Package.ParentUnknown"
    LastWriteTime="132482737278664840" />
  <Object
    Path="D:\github\Industrial-automation\Foerderband\Logical\Global.typ"
    LogicalPath="Global.typ"
    Type="File"
    LastWriteTime="132489608975074261"
    Private="false" />
  <Object
    Path="D:\github\Industrial-automation\Foerderband\Logical\Global.var"
    LogicalPath="Global.var"
    Type="File"
    LastWriteTime="132484435653900305"
    Private="false" />
  <Object
    Path="D:\github\Industrial-automation\Foerderband\Logical\Libraries\Package.pkg"
    LogicalPath="Libraries"
    Type="Package"
    LastWriteTime="132482737278544831" />
  <Object
    Path="D:\github\Industrial-automation\Foerderband\Logical\Libraries\operator\binary.lby"
    LogicalPath="Libraries.operator"
    Type="Library"
    LastWriteTime="132482737278594835" />
  <Object
    Path="D:\github\Industrial-automation\Foerderband\Logical\Libraries\operator\operator.fun"
    LogicalPath="Libraries.operator.operator.fun"
    Type="File"
    LastWriteTime="132482737278594835"
    Private="false" />
  <Object
    Path="D:\github\Industrial-automation\Foerderband\Logical\Libraries\operator\operator.typ"
    LogicalPath="Libraries.operator.operator.typ"
    Type="File"
    LastWriteTime="132482737278594835"
    Private="false" />
  <Object
    Path="D:\github\Industrial-automation\Foerderband\Logical\Libraries\operator\operator.var"
    LogicalPath="Libraries.operator.operator.var"
    Type="File"
    LastWriteTime="132482737278604836"
    Private="false" />
  <Object
    Path="D:\github\Industrial-automation\Foerderband\Logical\Libraries\runtime\binary.lby"
    LogicalPath="Libraries.runtime"
    Type="Library"
    LastWriteTime="132482737278624845" />
  <Object
    Path="D:\github\Industrial-automation\Foerderband\Logical\Libraries\runtime\runtime.fun"
    LogicalPath="Libraries.runtime.runtime.fun"
    Type="File"
    LastWriteTime="132482737278624845"
    Private="false" />
  <Object
    Path="D:\github\Industrial-automation\Foerderband\Logical\Libraries\runtime\runtime.typ"
    LogicalPath="Libraries.runtime.runtime.typ"
    Type="File"
    LastWriteTime="132482737278624845"
    Private="false" />
  <Object
    Path="D:\github\Industrial-automation\Foerderband\Logical\Libraries\runtime\runtime.var"
    LogicalPath="Libraries.runtime.runtime.var"
    Type="File"
    LastWriteTime="132482737278634827"
    Private="false" />
  <Object
    Path="D:\github\Industrial-automation\Foerderband\Logical\Libraries\astime\binary.lby"
    LogicalPath="Libraries.astime"
    Type="Library"
    LastWriteTime="132482737278574847" />
  <Object
    Path="D:\github\Industrial-automation\Foerderband\Logical\Libraries\astime\astime.fun"
    LogicalPath="Libraries.astime.astime.fun"
    Type="File"
    LastWriteTime="132482737278564836"
    Private="false" />
  <Object
    Path="D:\github\Industrial-automation\Foerderband\Logical\Libraries\astime\astime.typ"
    LogicalPath="Libraries.astime.astime.typ"
    Type="File"
    LastWriteTime="132482737278564836"
    Private="false" />
  <Object
    Path="D:\github\Industrial-automation\Foerderband\Logical\Libraries\astime\astime.var"
    LogicalPath="Libraries.astime.astime.var"
    Type="File"
    LastWriteTime="132482737278564836"
    Private="false" />
  <Object
    Path="D:\github\Industrial-automation\Foerderband\Logical\Libraries\AsIecCon\binary.lby"
    LogicalPath="Libraries.AsIecCon"
    Type="Library"
    LastWriteTime="132482737278534853" />
  <Object
    Path="D:\github\Industrial-automation\Foerderband\Logical\Libraries\AsIecCon\AsIecCon.fun"
    LogicalPath="Libraries.AsIecCon.AsIecCon.fun"
    Type="File"
    LastWriteTime="132482737278514853"
    Private="false" />
  <Object
    Path="D:\github\Industrial-automation\Foerderband\Logical\Libraries\AsIecCon\AsIecCon.typ"
    LogicalPath="Libraries.AsIecCon.AsIecCon.typ"
    Type="File"
    LastWriteTime="132482737278514853"
    Private="false" />
  <Object
    Path="D:\github\Industrial-automation\Foerderband\Logical\Libraries\AsIecCon\AsIecCon.var"
    LogicalPath="Libraries.AsIecCon.AsIecCon.var"
    Type="File"
    LastWriteTime="132482737278524855"
    Private="false" />
  <Object
    Path="D:\github\Industrial-automation\Foerderband\Logical\Libraries\standard\binary.lby"
    LogicalPath="Libraries.standard"
    Type="Library"
    LastWriteTime="132482737278654828" />
  <Object
    Path="D:\github\Industrial-automation\Foerderband\Logical\Libraries\standard\standard.fun"
    LogicalPath="Libraries.standard.standard.fun"
    Type="File"
    LastWriteTime="132482737278654828"
    Private="false" />
  <Object
    Path="D:\github\Industrial-automation\Foerderband\Logical\Libraries\standard\standard.typ"
    LogicalPath="Libraries.standard.standard.typ"
    Type="File"
    LastWriteTime="132482737278654828"
    Private="false" />
  <Object
    Path="D:\github\Industrial-automation\Foerderband\Logical\Libraries\standard\standard.var"
    LogicalPath="Libraries.standard.standard.var"
    Type="File"
    LastWriteTime="132482737278664840"
    Private="false" />
  <Object
    Path="D:\github\Industrial-automation\Foerderband\Logical\Foerderband\ANSIC.prg"
    LogicalPath="Foerderband"
    Type="Program"
    LastWriteTime="132482737278484856" />
  <Object
    Path="D:\github\Industrial-automation\Foerderband\Logical\Foerderband\Cyclic.c"
    LogicalPath="Foerderband.Cyclic.c"
    Type="File"
    LastWriteTime="132489747287821951"
    Private="false" />
  <Object
    Path="D:\github\Industrial-automation\Foerderband\Logical\Foerderband\Init.c"
    LogicalPath="Foerderband.Init.c"
    Type="File"
    LastWriteTime="132482801957761088"
    Private="false" />
  <Object
    Path="D:\github\Industrial-automation\Foerderband\Logical\Foerderband\Exit.c"
    LogicalPath="Foerderband.Exit.c"
    Type="File"
    LastWriteTime="132482737278494862"
    Private="false" />
  <Object
    Path="D:\github\Industrial-automation\Foerderband\Logical\Foerderband\Types.typ"
    LogicalPath="Foerderband.Types.typ"
    Type="File"
    LastWriteTime="132482737278494862"
    Private="true" />
  <Object
    Path="D:\github\Industrial-automation\Foerderband\Logical\Foerderband\Variables.var"
    LogicalPath="Foerderband.Variables.var"
    Type="File"
    LastWriteTime="132482737278494862"
    Private="true" />
  <Object
    Path="D:\github\Industrial-automation\Foerderband\Logical\FoerdebandWatch\ANSIC.prg"
    LogicalPath="FoerdebandWatch"
    Type="Program"
    LastWriteTime="132482737278464855" />
  <Object
    Path="D:\github\Industrial-automation\Foerderband\Logical\FoerdebandWatch\Cyclic.c"
    LogicalPath="FoerdebandWatch.Cyclic.c"
    Type="File"
    LastWriteTime="132489614450802977"
    Private="false" />
  <Object
    Path="D:\github\Industrial-automation\Foerderband\Logical\FoerdebandWatch\Init.c"
    LogicalPath="FoerdebandWatch.Init.c"
    Type="File"
    LastWriteTime="132482800249303602"
    Private="false" />
  <Object
    Path="D:\github\Industrial-automation\Foerderband\Logical\FoerdebandWatch\Exit.c"
    LogicalPath="FoerdebandWatch.Exit.c"
    Type="File"
    LastWriteTime="132482737278474855"
    Private="false" />
  <Object
    Path="D:\github\Industrial-automation\Foerderband\Logical\FoerdebandWatch\Types.typ"
    LogicalPath="FoerdebandWatch.Types.typ"
    Type="File"
    LastWriteTime="132482737278474855"
    Private="true" />
  <Object
    Path="D:\github\Industrial-automation\Foerderband\Logical\FoerdebandWatch\Variables.var"
    LogicalPath="FoerdebandWatch.Variables.var"
    Type="File"
    LastWriteTime="132482737278474855"
    Private="true" />
  <Object
    Path="D:\github\Industrial-automation\Foerderband\Logical\stat_1\ANSIC.prg"
    LogicalPath="stat_1"
    Type="Program"
    LastWriteTime="132482737278674839" />
  <Object
    Path="D:\github\Industrial-automation\Foerderband\Logical\stat_1\Cyclic.c"
    LogicalPath="stat_1.Cyclic.c"
    Type="File"
    LastWriteTime="132482763273532774"
    Private="false" />
  <Object
    Path="D:\github\Industrial-automation\Foerderband\Logical\stat_1\Init.c"
    LogicalPath="stat_1.Init.c"
    Type="File"
    LastWriteTime="132482737278674839"
    Private="false" />
  <Object
    Path="D:\github\Industrial-automation\Foerderband\Logical\stat_1\Exit.c"
    LogicalPath="stat_1.Exit.c"
    Type="File"
    LastWriteTime="132482737278674839"
    Private="false" />
  <Object
    Path="D:\github\Industrial-automation\Foerderband\Logical\stat_1\Types.typ"
    LogicalPath="stat_1.Types.typ"
    Type="File"
    LastWriteTime="132482737278684828"
    Private="true" />
  <Object
    Path="D:\github\Industrial-automation\Foerderband\Logical\stat_1\Variables.var"
    LogicalPath="stat_1.Variables.var"
    Type="File"
    LastWriteTime="132482737278684828"
    Private="true" />
  <Object
    Path="D:\github\Industrial-automation\Foerderband\Logical\stat_2\ANSIC.prg"
    LogicalPath="stat_2"
    Type="Program"
    LastWriteTime="132482737278684828" />
  <Object
    Path="D:\github\Industrial-automation\Foerderband\Logical\stat_2\Cyclic.c"
    LogicalPath="stat_2.Cyclic.c"
    Type="File"
    LastWriteTime="132482763523356196"
    Private="false" />
  <Object
    Path="D:\github\Industrial-automation\Foerderband\Logical\stat_2\Init.c"
    LogicalPath="stat_2.Init.c"
    Type="File"
    LastWriteTime="132482737278694850"
    Private="false" />
  <Object
    Path="D:\github\Industrial-automation\Foerderband\Logical\stat_2\Exit.c"
    LogicalPath="stat_2.Exit.c"
    Type="File"
    LastWriteTime="132482737278694850"
    Private="false" />
  <Object
    Path="D:\github\Industrial-automation\Foerderband\Logical\stat_2\Types.typ"
    LogicalPath="stat_2.Types.typ"
    Type="File"
    LastWriteTime="132482737278704828"
    Private="true" />
  <Object
    Path="D:\github\Industrial-automation\Foerderband\Logical\stat_2\Variables.var"
    LogicalPath="stat_2.Variables.var"
    Type="File"
    LastWriteTime="132482737278704828"
    Private="true" />
  <Object
    Path="D:\github\Industrial-automation\Foerderband\Logical\stat_3\ANSIC.prg"
    LogicalPath="stat_3"
    Type="Program"
    LastWriteTime="132482737278704828" />
  <Object
    Path="D:\github\Industrial-automation\Foerderband\Logical\stat_3\Cyclic.c"
    LogicalPath="stat_3.Cyclic.c"
    Type="File"
    LastWriteTime="132484491337990348"
    Private="false" />
  <Object
    Path="D:\github\Industrial-automation\Foerderband\Logical\stat_3\Init.c"
    LogicalPath="stat_3.Init.c"
    Type="File"
    LastWriteTime="132482737278714838"
    Private="false" />
  <Object
    Path="D:\github\Industrial-automation\Foerderband\Logical\stat_3\Exit.c"
    LogicalPath="stat_3.Exit.c"
    Type="File"
    LastWriteTime="132482737278714838"
    Private="false" />
  <Object
    Path="D:\github\Industrial-automation\Foerderband\Logical\stat_3\Types.typ"
    LogicalPath="stat_3.Types.typ"
    Type="File"
    LastWriteTime="132482830995238715"
    Private="true" />
  <Object
    Path="D:\github\Industrial-automation\Foerderband\Logical\stat_3\Variables.var"
    LogicalPath="stat_3.Variables.var"
    Type="File"
    LastWriteTime="132484491337390616"
    Private="true" />
  <Object
    Path="D:\github\Industrial-automation\Foerderband\Logical\stat_4\ANSIC.prg"
    LogicalPath="stat_4"
    Type="Program"
    LastWriteTime="132482737278724836" />
  <Object
    Path="D:\github\Industrial-automation\Foerderband\Logical\stat_4\Cyclic.c"
    LogicalPath="stat_4.Cyclic.c"
    Type="File"
    LastWriteTime="132489635611667482"
    Private="false" />
  <Object
    Path="D:\github\Industrial-automation\Foerderband\Logical\stat_4\Init.c"
    LogicalPath="stat_4.Init.c"
    Type="File"
    LastWriteTime="132482737278734836"
    Private="false" />
  <Object
    Path="D:\github\Industrial-automation\Foerderband\Logical\stat_4\Exit.c"
    LogicalPath="stat_4.Exit.c"
    Type="File"
    LastWriteTime="132482737278734836"
    Private="false" />
  <Object
    Path="D:\github\Industrial-automation\Foerderband\Logical\stat_4\Types.typ"
    LogicalPath="stat_4.Types.typ"
    Type="File"
    LastWriteTime="132482737278734836"
    Private="true" />
  <Object
    Path="D:\github\Industrial-automation\Foerderband\Logical\stat_4\Variables.var"
    LogicalPath="stat_4.Variables.var"
    Type="File"
    LastWriteTime="132482737278744832"
    Private="true" />
  <Object
    Path="D:\github\Industrial-automation\Foerderband\Logical\stat_5\ANSIC.prg"
    LogicalPath="stat_5"
    Type="Program"
    LastWriteTime="132482737278744832" />
  <Object
    Path="D:\github\Industrial-automation\Foerderband\Logical\stat_5\Cyclic.c"
    LogicalPath="stat_5.Cyclic.c"
    Type="File"
    LastWriteTime="132482737278744832"
    Private="false" />
  <Object
    Path="D:\github\Industrial-automation\Foerderband\Logical\stat_5\Init.c"
    LogicalPath="stat_5.Init.c"
    Type="File"
    LastWriteTime="132482737278754834"
    Private="false" />
  <Object
    Path="D:\github\Industrial-automation\Foerderband\Logical\stat_5\Exit.c"
    LogicalPath="stat_5.Exit.c"
    Type="File"
    LastWriteTime="132482737278754834"
    Private="false" />
  <Object
    Path="D:\github\Industrial-automation\Foerderband\Logical\stat_5\Types.typ"
    LogicalPath="stat_5.Types.typ"
    Type="File"
    LastWriteTime="132482737278754834"
    Private="true" />
  <Object
    Path="D:\github\Industrial-automation\Foerderband\Logical\stat_5\Variables.var"
    LogicalPath="stat_5.Variables.var"
    Type="File"
    LastWriteTime="132482737278754834"
    Private="true" />
  <Object
    Path="D:\github\Industrial-automation\Foerderband\Logical\stat_6\ANSIC.prg"
    LogicalPath="stat_6"
    Type="Program"
    LastWriteTime="132482737278764841" />
  <Object
    Path="D:\github\Industrial-automation\Foerderband\Logical\stat_6\Cyclic.c"
    LogicalPath="stat_6.Cyclic.c"
    Type="File"
    LastWriteTime="132482737278764841"
    Private="false" />
  <Object
    Path="D:\github\Industrial-automation\Foerderband\Logical\stat_6\Init.c"
    LogicalPath="stat_6.Init.c"
    Type="File"
    LastWriteTime="132482737278774840"
    Private="false" />
  <Object
    Path="D:\github\Industrial-automation\Foerderband\Logical\stat_6\Exit.c"
    LogicalPath="stat_6.Exit.c"
    Type="File"
    LastWriteTime="132482737278764841"
    Private="false" />
  <Object
    Path="D:\github\Industrial-automation\Foerderband\Logical\stat_6\Types.typ"
    LogicalPath="stat_6.Types.typ"
    Type="File"
    LastWriteTime="132482737278774840"
    Private="true" />
  <Object
    Path="D:\github\Industrial-automation\Foerderband\Logical\stat_6\Variables.var"
    LogicalPath="stat_6.Variables.var"
    Type="File"
    LastWriteTime="132482737278774840"
    Private="true" />
  <Object
    Path="D:\github\Industrial-automation\Foerderband\Physical\station_1\Config.pkg"
    LogicalPath="station_1"
    Type="Configuration.ParentUnknown"
    LastWriteTime="132482737278784836" />
  <Object
    Path="D:\github\Industrial-automation\Foerderband\Physical\station_1\Hardware.hw"
    LogicalPath="station_1.Hardware.hw"
    Type="File"
    LastWriteTime="132482737278784836"
    Private="false" />
  <Object
    Path="D:\github\Industrial-automation\Foerderband\Physical\station_1\Hardware.hwl"
    LogicalPath="station_1.Hardware.hwl"
    Type="File"
    LastWriteTime="132482737278794843"
    Private="false" />
  <Object
    Path="D:\github\Industrial-automation\Foerderband\Physical\station_1\X20CP1584\Cpu.pkg"
    LogicalPath="station_1.X20CP1584"
    Type="Cpu"
    LastWriteTime="132482737278884859" />
  <Object
    Path="D:\github\Industrial-automation\Foerderband\Physical\station_1\X20CP1584\Cpu.sw"
    LogicalPath="station_1.X20CP1584.Cpu.sw"
    Type="File"
    LastWriteTime="132482800249323583"
    Private="false" />
  <Object
    Path="D:\github\Industrial-automation\Foerderband\Physical\station_1\X20CP1584\Cpu.per"
    LogicalPath="station_1.X20CP1584.Cpu.per"
    Type="File"
    LastWriteTime="132482737278884859"
    Private="false" />
  <Object
    Path="D:\github\Industrial-automation\Foerderband\Physical\station_1\X20CP1584\IoMap.iom"
    LogicalPath="station_1.X20CP1584.IoMap.iom"
    Type="File"
    LastWriteTime="132482737278934893"
    Private="false" />
  <Object
    Path="D:\github\Industrial-automation\Foerderband\Physical\station_1\X20CP1584\PvMap.vvm"
    LogicalPath="station_1.X20CP1584.PvMap.vvm"
    Type="File"
    LastWriteTime="132482737278944828"
    Private="false" />
  <Object
    Path="D:\github\Industrial-automation\Foerderband\Physical\station_1\X20CP1584\Connectivity\Package.pkg"
    LogicalPath="station_1.X20CP1584.Connectivity"
    Type="Package"
    LastWriteTime="132482737278874835" />
  <Object
    Path="D:\github\Industrial-automation\Foerderband\Physical\station_1\X20CP1584\Connectivity\OpcUA\Package.pkg"
    LogicalPath="station_1.X20CP1584.Connectivity.OpcUA"
    Type="Package"
    LastWriteTime="132482737278874835" />
  <Object
    Path="D:\github\Industrial-automation\Foerderband\Physical\station_1\X20CP1584\TextSystem\Package.pkg"
    LogicalPath="station_1.X20CP1584.TextSystem"
    Type="Package"
    LastWriteTime="132482737278944828" />
  <Object
    Path="D:\github\Industrial-automation\Foerderband\Physical\station_1\X20CP1584\UnitSystem\Package.pkg"
    LogicalPath="station_1.X20CP1584.UnitSystem"
    Type="Package"
    LastWriteTime="132482737278944828" />
  <Object
    Path="D:\github\Industrial-automation\Foerderband\Physical\station_1\X20CP1584\AccessAndSecurity\Package.pkg"
    LogicalPath="station_1.X20CP1584.AccessAndSecurity"
    Type="Package"
    LastWriteTime="132482737278854828" />
  <Object
    Path="D:\github\Industrial-automation\Foerderband\Physical\station_1\X20CP1584\AccessAndSecurity\UserRoleSystem\Package.pkg"
    LogicalPath="station_1.X20CP1584.AccessAndSecurity.UserRoleSystem"
    Type="Package"
    LastWriteTime="132482737278864839" />
  <Object
    Path="D:\github\Industrial-automation\Foerderband\Physical\station_1\X20CP1584\AccessAndSecurity\UserRoleSystem\Role.role"
    LogicalPath="station_1.X20CP1584.AccessAndSecurity.UserRoleSystem.Role.role"
    Type="File"
    LastWriteTime="132482737278864839"
    Private="false" />
  <Object
    Path="D:\github\Industrial-automation\Foerderband\Physical\station_1\X20CP1584\AccessAndSecurity\UserRoleSystem\User.user"
    LogicalPath="station_1.X20CP1584.AccessAndSecurity.UserRoleSystem.User.user"
    Type="File"
    LastWriteTime="132482737278864839"
    Private="false" />
  <Object
    Path="D:\github\Industrial-automation\Foerderband\Physical\station_1\X20CP1584\AccessAndSecurity\CertificateStore\Package.pkg"
    LogicalPath="station_1.X20CP1584.AccessAndSecurity.CertificateStore"
    Type="Package"
    LastWriteTime="132482737278834834" />
  <Object
    Path="D:\github\Industrial-automation\Foerderband\Physical\station_1\X20CP1584\AccessAndSecurity\CertificateStore\OwnCertificates\Package.pkg"
    LogicalPath="station_1.X20CP1584.AccessAndSecurity.CertificateStore.OwnCertificates"
    Type="Package"
    LastWriteTime="132482737278824832" />
  <Object
    Path="D:\github\Industrial-automation\Foerderband\Physical\station_1\X20CP1584\AccessAndSecurity\CertificateStore\OwnCertificates\Certificates\Package.pkg"
    LogicalPath="station_1.X20CP1584.AccessAndSecurity.CertificateStore.OwnCertificates.Certificates"
    Type="Package"
    LastWriteTime="132482737278824832" />
  <Object
    Path="D:\github\Industrial-automation\Foerderband\Physical\station_1\X20CP1584\AccessAndSecurity\CertificateStore\OwnCertificates\PrivateKeys\Package.pkg"
    LogicalPath="station_1.X20CP1584.AccessAndSecurity.CertificateStore.OwnCertificates.PrivateKeys"
    Type="Package"
    LastWriteTime="132482737278824832" />
  <Object
    Path="D:\github\Industrial-automation\Foerderband\Physical\station_1\X20CP1584\AccessAndSecurity\CertificateStore\ThirdPartyCertificates\Package.pkg"
    LogicalPath="station_1.X20CP1584.AccessAndSecurity.CertificateStore.ThirdPartyCertificates"
    Type="Package"
    LastWriteTime="132482737278834834" />
  <Object
    Path="D:\github\Industrial-automation\Foerderband\Physical\station_1\X20CP1584\AccessAndSecurity\CertificateStore\ThirdPartyCertificates\SoftwareCertificates\Package.pkg"
    LogicalPath="station_1.X20CP1584.AccessAndSecurity.CertificateStore.ThirdPartyCertificates.SoftwareCertificates"
    Type="Package"
    LastWriteTime="132482737278844840" />
  <Object
    Path="D:\github\Industrial-automation\Foerderband\Physical\station_1\X20CP1584\AccessAndSecurity\CertificateStore\CertificateRevocationLists\Package.pkg"
    LogicalPath="station_1.X20CP1584.AccessAndSecurity.CertificateStore.CertificateRevocationLists"
    Type="Package"
    LastWriteTime="132482737278804840" />
  <Object
    Path="D:\github\Industrial-automation\Foerderband\Physical\station_1\X20CP1584\AccessAndSecurity\CertificateStore\CertificateSigningRequests\Package.pkg"
    LogicalPath="station_1.X20CP1584.AccessAndSecurity.CertificateStore.CertificateSigningRequests"
    Type="Package"
    LastWriteTime="132482737278814834" />
  <Object
    Path="D:\github\Industrial-automation\Foerderband\Physical\station_1\X20CP1584\AccessAndSecurity\TransportLayerSecurity\Package.pkg"
    LogicalPath="station_1.X20CP1584.AccessAndSecurity.TransportLayerSecurity"
    Type="Package"
    LastWriteTime="132482737278854828" />
  <Object
    Path="D:\github\Industrial-automation\Foerderband\Physical\station_1\X20CP1584\AccessAndSecurity\Firewall\Package.pkg"
    LogicalPath="station_1.X20CP1584.AccessAndSecurity.Firewall"
    Type="Package"
    LastWriteTime="132482737278844840" />
  <Object
    Path="D:\github\Industrial-automation\Foerderband\Physical\station_1\X20CP1584\AccessAndSecurity\Firewall\Rules.firewallRules"
    LogicalPath="station_1.X20CP1584.AccessAndSecurity.Firewall.Rules.firewallRules"
    Type="File"
    LastWriteTime="132482737278854828"
    Private="false" />
  <Object
    Path="D:\github\Industrial-automation\Foerderband\Physical\station_1\X20CP1584\mappControl\Package.pkg"
    LogicalPath="station_1.X20CP1584.mappControl"
    Type="Package"
    LastWriteTime="132482737278954832" />
  <Object
    Path="D:\github\Industrial-automation\Foerderband\Physical\station_1\X20CP1584\mappMotion\Package.pkg"
    LogicalPath="station_1.X20CP1584.mappMotion"
    Type="Package"
    LastWriteTime="132482737278964832" />
  <Object
    Path="D:\github\Industrial-automation\Foerderband\Physical\station_1\X20CP1584\mappServices\Package.pkg"
    LogicalPath="station_1.X20CP1584.mappServices"
    Type="Package"
    LastWriteTime="132482737278964832" />
  <Object
    Path="D:\github\Industrial-automation\Foerderband\Physical\station_1\X20CP1584\mappView\Package.pkg"
    LogicalPath="station_1.X20CP1584.mappView"
    Type="Package"
    LastWriteTime="132482737278974833" />
  <Object
    Path="D:\github\Industrial-automation\Foerderband\Physical\station_1\X20CP1584\mappCockpit\Package.pkg"
    LogicalPath="station_1.X20CP1584.mappCockpit"
    Type="Package"
    LastWriteTime="132482737278954832" />
  <Object
    Path="D:\github\Industrial-automation\Foerderband\Physical\station_1\X20CP1584\DTM\Package.pkg"
    LogicalPath="station_1.X20CP1584.DTM"
    Type="Package"
    LastWriteTime="132482737278934893" />
  <Object
    Path="D:\github\Industrial-automation\Foerderband\Physical\station_1\X20CP1584\DTM\Communication\Package.pkg"
    LogicalPath="station_1.X20CP1584.DTM.Communication"
    Type="Package"
    LastWriteTime="132482737278914835" />
  <Object
    Path="D:\github\Industrial-automation\Foerderband\Physical\station_1\X20CP1584\DTM\Communication\Communication.dtm"
    LogicalPath="station_1.X20CP1584.DTM.Communication.Communication.dtm"
    Type="File"
    LastWriteTime="132482737278914835"
    Private="false" />
  <Object
    Path="D:\github\Industrial-automation\Foerderband\Physical\station_1\X20CP1584\DTM\Communication\CommDTM\Package.pkg"
    LogicalPath="station_1.X20CP1584.DTM.Communication.CommDTM"
    Type="Package"
    LastWriteTime="132482737278904841" />
  <Object
    Path="D:\github\Industrial-automation\Foerderband\Physical\station_1\X20CP1584\DTM\Communication\CommDTM\CommDTM.dtmdre"
    LogicalPath="station_1.X20CP1584.DTM.Communication.CommDTM.CommDTM.dtmdre"
    Type="File"
    LastWriteTime="132482737278894860"
    Private="false" />
  <Object
    Path="D:\github\Industrial-automation\Foerderband\Physical\station_1\X20CP1584\DTM\Communication\CommDTM\CommDTM.dtmtre"
    LogicalPath="station_1.X20CP1584.DTM.Communication.CommDTM.CommDTM.dtmtre"
    Type="File"
    LastWriteTime="132482737278904841"
    Private="false" />
  <Object
    Path="D:\github\Industrial-automation\Foerderband\Physical\station_1\X20CP1584\DTM\Communication\CommDTM\CommDTM.dtmdri"
    LogicalPath="station_1.X20CP1584.DTM.Communication.CommDTM.CommDTM.dtmdri"
    Type="File"
    LastWriteTime="132482737278894860"
    Private="false" />
  <Object
    Path="D:\github\Industrial-automation\Foerderband\Physical\station_1\X20CP1584\DTM\Communication\X20DS438A\Package.pkg"
    LogicalPath="station_1.X20CP1584.DTM.Communication.X20DS438A"
    Type="Package"
    LastWriteTime="132482737278914835" />
  <Object
    Path="D:\github\Industrial-automation\Foerderband\Physical\station_1\X20CP1584\DTM\Communication\X20DS438A\X20DS438A.dtmdre"
    LogicalPath="station_1.X20CP1584.DTM.Communication.X20DS438A.X20DS438A.dtmdre"
    Type="File"
    LastWriteTime="132482737278924831"
    Private="false" />
  <Object
    Path="D:\github\Industrial-automation\Foerderband\Physical\station_1\X20CP1584\DTM\Communication\X20DS438A\X20DS438A.dtmtre"
    LogicalPath="station_1.X20CP1584.DTM.Communication.X20DS438A.X20DS438A.dtmtre"
    Type="File"
    LastWriteTime="132482737278924831"
    Private="false" />
  <Object
    Path="D:\github\Industrial-automation\Foerderband\Physical\station_1\X20CP1584\DTM\Communication\X20DS438A\X20DS438A.dtmdri"
    LogicalPath="station_1.X20CP1584.DTM.Communication.X20DS438A.X20DS438A.dtmdri"
    Type="File"
    LastWriteTime="132482737278924831"
    Private="false" />
  <Object
    Path="D:\github\Industrial-automation\Foerderband\Physical\station_1\Hardware.jpg"
    LogicalPath="station_1.Hardware.jpg"
    Type="File"
    LastWriteTime="132482737278794843"
    Private="false" />
</Objects>