<?xml version="1.0" encoding="utf-8"?>
<?AutomationStudio Version=3.0?>
<Transfer xmlns="http://br-automation.co.at/AS/Transfer">
  <OperatingSystem Version="A4.73"/>
  <Hardware Target="SG4"/>
<<<<<<< HEAD
  <Operation Delete="stat_3.br"/>
=======
>>>>>>> b20e66e0e128ad50a465f280a9c356db7e86c456
  <Operation Delete="Foerderban.br"/>
  <Operation Download="asfw.br" Memory="SystemROM"/>
  <Operation Download="ashwd.br" Memory="SystemROM"/>
  <Operation Download="asiol1.br" Memory="UserROM"/>
  <Operation Download="arconfig.br" Memory="SystemROM"/>
  <Operation Download="sysconf.br" Memory="SystemROM"/>
  <Operation Restart="warm"/>
  <Operation Download="udbdef.br" Memory="UserROM"/>
  <Operation Download="FWRules.br" Memory="UserROM"/>
  <Operation Download="TCData.br" Memory="SystemROM"/>
  <Operation Download="Role.br" Memory="UserROM"/>
  <Operation Download="User.br" Memory="UserROM"/>
  <Operation Download="iomap.br" Memory="UserROM"/>
  <Operation Download="ashwac.br" Memory="UserROM"/>
  <Operation Download="standard.br" Memory="UserROM"/>
  <Operation Download="Foerderban.br" Memory="UserROM"/>
<<<<<<< HEAD
  <Operation Download="stat_3.br" Memory="UserROM"/>
=======
>>>>>>> b20e66e0e128ad50a465f280a9c356db7e86c456
</Transfer>