<?xml version="1.0" encoding="utf-8"?>
<?AutomationStudio Version="4.7.2.98"?>
<Objects>
  <Object
    Path="D:\ia\SimulationsBoard\Logical\Package.pkg"
    LogicalPath=""
    Type="Package.ParentUnknown"
    LastWriteTime="132355728854700888" />
  <Object
    Path="D:\ia\SimulationsBoard\Logical\Global.typ"
    LogicalPath="Global.typ"
    Type="File"
    LastWriteTime="132344348133687609"
    Private="false" />
  <Object
    Path="D:\ia\SimulationsBoard\Logical\Global.var"
    LogicalPath="Global.var"
    Type="File"
    LastWriteTime="132355675134237385"
    Private="false" />
  <Object
    Path="D:\ia\SimulationsBoard\Logical\Libraries\Package.pkg"
    LogicalPath="Libraries"
    Type="Package"
    LastWriteTime="132348797912617135" />
  <Object
    Path="D:\ia\SimulationsBoard\Logical\Libraries\operator\binary.lby"
    LogicalPath="Libraries.operator"
    Type="Library"
    LastWriteTime="132344348169521246" />
  <Object
    Path="D:\ia\SimulationsBoard\Logical\Libraries\operator\operator.fun"
    LogicalPath="Libraries.operator.operator.fun"
    Type="File"
    LastWriteTime="132344348169365252"
    Private="false" />
  <Object
    Path="D:\ia\SimulationsBoard\Logical\Libraries\operator\operator.typ"
    LogicalPath="Libraries.operator.operator.typ"
    Type="File"
    LastWriteTime="132344348169521246"
    Private="false" />
  <Object
    Path="D:\ia\SimulationsBoard\Logical\Libraries\operator\operator.var"
    LogicalPath="Libraries.operator.operator.var"
    Type="File"
    LastWriteTime="132344348169521246"
    Private="false" />
  <Object
    Path="D:\ia\SimulationsBoard\Logical\Libraries\runtime\binary.lby"
    LogicalPath="Libraries.runtime"
    Type="Library"
    LastWriteTime="132344348173896247" />
  <Object
    Path="D:\ia\SimulationsBoard\Logical\Libraries\runtime\runtime.fun"
    LogicalPath="Libraries.runtime.runtime.fun"
    Type="File"
    LastWriteTime="132344348173740320"
    Private="false" />
  <Object
    Path="D:\ia\SimulationsBoard\Logical\Libraries\runtime\runtime.typ"
    LogicalPath="Libraries.runtime.runtime.typ"
    Type="File"
    LastWriteTime="132344348173896247"
    Private="false" />
  <Object
    Path="D:\ia\SimulationsBoard\Logical\Libraries\runtime\runtime.var"
    LogicalPath="Libraries.runtime.runtime.var"
    Type="File"
    LastWriteTime="132344348173896247"
    Private="false" />
  <Object
    Path="D:\ia\SimulationsBoard\Logical\Libraries\astime\binary.lby"
    LogicalPath="Libraries.astime"
    Type="Library"
    LastWriteTime="132344348178271570" />
  <Object
    Path="D:\ia\SimulationsBoard\Logical\Libraries\astime\astime.fun"
    LogicalPath="Libraries.astime.astime.fun"
    Type="File"
    LastWriteTime="132344348178115287"
    Private="false" />
  <Object
    Path="D:\ia\SimulationsBoard\Logical\Libraries\astime\astime.typ"
    LogicalPath="Libraries.astime.astime.typ"
    Type="File"
    LastWriteTime="132344348178271570"
    Private="false" />
  <Object
    Path="D:\ia\SimulationsBoard\Logical\Libraries\astime\astime.var"
    LogicalPath="Libraries.astime.astime.var"
    Type="File"
    LastWriteTime="132344348178271570"
    Private="false" />
  <Object
    Path="D:\ia\SimulationsBoard\Logical\Libraries\AsIecCon\binary.lby"
    LogicalPath="Libraries.AsIecCon"
    Type="Library"
    LastWriteTime="132344348182648791" />
  <Object
    Path="D:\ia\SimulationsBoard\Logical\Libraries\AsIecCon\AsIecCon.fun"
    LogicalPath="Libraries.AsIecCon.AsIecCon.fun"
    Type="File"
    LastWriteTime="132344348182492847"
    Private="false" />
  <Object
    Path="D:\ia\SimulationsBoard\Logical\Libraries\AsIecCon\AsIecCon.typ"
    LogicalPath="Libraries.AsIecCon.AsIecCon.typ"
    Type="File"
    LastWriteTime="132344348182648791"
    Private="false" />
  <Object
    Path="D:\ia\SimulationsBoard\Logical\Libraries\AsIecCon\AsIecCon.var"
    LogicalPath="Libraries.AsIecCon.AsIecCon.var"
    Type="File"
    LastWriteTime="132344348182648791"
    Private="false" />
  <Object
    Path="D:\ia\SimulationsBoard\Logical\Libraries\standard\binary.lby"
    LogicalPath="Libraries.standard"
    Type="Library"
    LastWriteTime="132348797912461165" />
  <Object
    Path="D:\ia\SimulationsBoard\Logical\Libraries\standard\standard.fun"
    LogicalPath="Libraries.standard.standard.fun"
    Type="File"
    LastWriteTime="132348797912304938"
    Private="false" />
  <Object
    Path="D:\ia\SimulationsBoard\Logical\Libraries\standard\standard.typ"
    LogicalPath="Libraries.standard.standard.typ"
    Type="File"
    LastWriteTime="132348797912461165"
    Private="false" />
  <Object
    Path="D:\ia\SimulationsBoard\Logical\Libraries\standard\standard.var"
    LogicalPath="Libraries.standard.standard.var"
    Type="File"
    LastWriteTime="132348797912461165"
    Private="false" />
  <Object
    Path="D:\ia\SimulationsBoard\Logical\Aufgabe_1\ANSIC.prg"
    LogicalPath="Aufgabe_1"
    Type="Program"
    LastWriteTime="132344390193439693" />
  <Object
    Path="D:\ia\SimulationsBoard\Logical\Aufgabe_1\Cyclic.c"
    LogicalPath="Aufgabe_1.Cyclic.c"
    Type="File"
    LastWriteTime="132344390193283477"
    Private="false" />
  <Object
    Path="D:\ia\SimulationsBoard\Logical\Aufgabe_1\Init.c"
    LogicalPath="Aufgabe_1.Init.c"
    Type="File"
    LastWriteTime="132344411493803134"
    Private="false" />
  <Object
    Path="D:\ia\SimulationsBoard\Logical\Aufgabe_1\Exit.c"
    LogicalPath="Aufgabe_1.Exit.c"
    Type="File"
    LastWriteTime="132344390193283477"
    Private="false" />
  <Object
    Path="D:\ia\SimulationsBoard\Logical\Aufgabe_1\Types.typ"
    LogicalPath="Aufgabe_1.Types.typ"
    Type="File"
    LastWriteTime="132344390193439693"
    Private="true" />
  <Object
    Path="D:\ia\SimulationsBoard\Logical\Aufgabe_1\Variables.var"
    LogicalPath="Aufgabe_1.Variables.var"
    Type="File"
    LastWriteTime="132344390193439693"
    Private="true" />
  <Object
    Path="D:\ia\SimulationsBoard\Logical\Aufgabe_2\ANSIC.prg"
    LogicalPath="Aufgabe_2"
    Type="Program"
    LastWriteTime="132344412476111757" />
  <Object
    Path="D:\ia\SimulationsBoard\Logical\Aufgabe_2\Cyclic.c"
    LogicalPath="Aufgabe_2.Cyclic.c"
    Type="File"
    LastWriteTime="132355735904858041"
    Private="false" />
  <Object
    Path="D:\ia\SimulationsBoard\Logical\Aufgabe_2\Init.c"
    LogicalPath="Aufgabe_2.Init.c"
    Type="File"
    LastWriteTime="132348808470845717"
    Private="false" />
  <Object
    Path="D:\ia\SimulationsBoard\Logical\Aufgabe_2\Exit.c"
    LogicalPath="Aufgabe_2.Exit.c"
    Type="File"
    LastWriteTime="132344412475955481"
    Private="false" />
  <Object
    Path="D:\ia\SimulationsBoard\Logical\Aufgabe_2\Types.typ"
    LogicalPath="Aufgabe_2.Types.typ"
    Type="File"
    LastWriteTime="132344412475955481"
    Private="true" />
  <Object
    Path="D:\ia\SimulationsBoard\Logical\Aufgabe_2\Variables.var"
    LogicalPath="Aufgabe_2.Variables.var"
    Type="File"
    LastWriteTime="132348809803795215"
    Private="true" />
  <Object
    Path="D:\ia\SimulationsBoard\Logical\Aufgabe_3\ANSIC.prg"
    LogicalPath="Aufgabe_3"
    Type="Program"
    LastWriteTime="132348812457112512" />
  <Object
    Path="D:\ia\SimulationsBoard\Logical\Aufgabe_3\Cyclic.c"
    LogicalPath="Aufgabe_3.Cyclic.c"
    Type="File"
    LastWriteTime="132355681348298132"
    Private="false" />
  <Object
    Path="D:\ia\SimulationsBoard\Logical\Aufgabe_3\Init.c"
    LogicalPath="Aufgabe_3.Init.c"
    Type="File"
    LastWriteTime="132348821868611251"
    Private="false" />
  <Object
    Path="D:\ia\SimulationsBoard\Logical\Aufgabe_3\Exit.c"
    LogicalPath="Aufgabe_3.Exit.c"
    Type="File"
    LastWriteTime="132348812457112512"
    Private="false" />
  <Object
    Path="D:\ia\SimulationsBoard\Logical\Aufgabe_3\Types.typ"
    LogicalPath="Aufgabe_3.Types.typ"
    Type="File"
    LastWriteTime="132348812457112512"
    Private="true" />
  <Object
    Path="D:\ia\SimulationsBoard\Logical\Aufgabe_3\Variables.var"
    LogicalPath="Aufgabe_3.Variables.var"
    Type="File"
    LastWriteTime="132348815017399046"
    Private="true" />
  <Object
    Path="D:\ia\SimulationsBoard\Logical\Aufgabe_4\ANSIC.prg"
    LogicalPath="Aufgabe_4"
    Type="Program"
    LastWriteTime="132355670139857233" />
  <Object
    Path="D:\ia\SimulationsBoard\Logical\Aufgabe_4\Cyclic.c"
    LogicalPath="Aufgabe_4.Cyclic.c"
    Type="File"
    LastWriteTime="132355681115927235"
    Private="false" />
  <Object
    Path="D:\ia\SimulationsBoard\Logical\Aufgabe_4\Init.c"
    LogicalPath="Aufgabe_4.Init.c"
    Type="File"
    LastWriteTime="132355668514885456"
    Private="false" />
  <Object
    Path="D:\ia\SimulationsBoard\Logical\Aufgabe_4\Exit.c"
    LogicalPath="Aufgabe_4.Exit.c"
    Type="File"
    LastWriteTime="132355668169203805"
    Private="false" />
  <Object
    Path="D:\ia\SimulationsBoard\Logical\Aufgabe_4\Types.typ"
    LogicalPath="Aufgabe_4.Types.typ"
    Type="File"
    LastWriteTime="132355668169213777"
    Private="true" />
  <Object
    Path="D:\ia\SimulationsBoard\Logical\Aufgabe_4\Variables.var"
    LogicalPath="Aufgabe_4.Variables.var"
    Type="File"
    LastWriteTime="132355669982003342"
    Private="true" />
  <Object
    Path="D:\ia\SimulationsBoard\Logical\Aufgabe_5\ANSIC.prg"
    LogicalPath="Aufgabe_5"
    Type="Program"
    LastWriteTime="132355687249669618" />
  <Object
    Path="D:\ia\SimulationsBoard\Logical\Aufgabe_5\Cyclic.c"
    LogicalPath="Aufgabe_5.Cyclic.c"
    Type="File"
    LastWriteTime="132355718465853915"
    Private="false" />
  <Object
    Path="D:\ia\SimulationsBoard\Logical\Aufgabe_5\Init.c"
    LogicalPath="Aufgabe_5.Init.c"
    Type="File"
    LastWriteTime="132355687066831213"
    Private="false" />
  <Object
    Path="D:\ia\SimulationsBoard\Logical\Aufgabe_5\Exit.c"
    LogicalPath="Aufgabe_5.Exit.c"
    Type="File"
    LastWriteTime="132355686653394626"
    Private="false" />
  <Object
    Path="D:\ia\SimulationsBoard\Logical\Aufgabe_5\Types.typ"
    LogicalPath="Aufgabe_5.Types.typ"
    Type="File"
    LastWriteTime="132355686653394626"
    Private="true" />
  <Object
    Path="D:\ia\SimulationsBoard\Logical\Aufgabe_5\Variables.var"
    LogicalPath="Aufgabe_5.Variables.var"
    Type="File"
    LastWriteTime="132355715709601524"
    Private="true" />
  <Object
    Path="D:\ia\SimulationsBoard\Logical\Aufgabe_6\ANSIC.prg"
    LogicalPath="Aufgabe_6"
    Type="Program"
    LastWriteTime="132355721990926065" />
  <Object
    Path="D:\ia\SimulationsBoard\Logical\Aufgabe_6\Cyclic.c"
    LogicalPath="Aufgabe_6.Cyclic.c"
    Type="File"
    LastWriteTime="132355736410680914"
    Private="false" />
  <Object
    Path="D:\ia\SimulationsBoard\Logical\Aufgabe_6\Init.c"
    LogicalPath="Aufgabe_6.Init.c"
    Type="File"
    LastWriteTime="132355722826096671"
    Private="false" />
  <Object
    Path="D:\ia\SimulationsBoard\Logical\Aufgabe_6\Exit.c"
    LogicalPath="Aufgabe_6.Exit.c"
    Type="File"
    LastWriteTime="132355721643335861"
    Private="false" />
  <Object
    Path="D:\ia\SimulationsBoard\Logical\Aufgabe_6\Types.typ"
    LogicalPath="Aufgabe_6.Types.typ"
    Type="File"
    LastWriteTime="132355721643335861"
    Private="true" />
  <Object
    Path="D:\ia\SimulationsBoard\Logical\Aufgabe_6\Variables.var"
    LogicalPath="Aufgabe_6.Variables.var"
    Type="File"
    LastWriteTime="132355721827145948"
    Private="true" />
  <Object
    Path="D:\ia\SimulationsBoard\Logical\Aufgabe_7\ANSIC.prg"
    LogicalPath="Aufgabe_7"
    Type="Program"
    LastWriteTime="132355729309152400" />
  <Object
    Path="D:\ia\SimulationsBoard\Logical\Aufgabe_7\Cyclic.c"
    LogicalPath="Aufgabe_7.Cyclic.c"
    Type="File"
    LastWriteTime="132355742066967010"
    Private="false" />
  <Object
    Path="D:\ia\SimulationsBoard\Logical\Aufgabe_7\Init.c"
    LogicalPath="Aufgabe_7.Init.c"
    Type="File"
    LastWriteTime="132355739306829477"
    Private="false" />
  <Object
    Path="D:\ia\SimulationsBoard\Logical\Aufgabe_7\Exit.c"
    LogicalPath="Aufgabe_7.Exit.c"
    Type="File"
    LastWriteTime="132355728776331959"
    Private="false" />
  <Object
    Path="D:\ia\SimulationsBoard\Logical\Aufgabe_7\Types.typ"
    LogicalPath="Aufgabe_7.Types.typ"
    Type="File"
    LastWriteTime="132355728776331959"
    Private="true" />
  <Object
    Path="D:\ia\SimulationsBoard\Logical\Aufgabe_7\Variables.var"
    LogicalPath="Aufgabe_7.Variables.var"
    Type="File"
    LastWriteTime="132355729309152400"
    Private="true" />
  <Object
    Path="D:\ia\SimulationsBoard\Physical\Config1\Config.pkg"
    LogicalPath="Config1"
    Type="Configuration.ParentUnknown"
    LastWriteTime="132344348219216092" />
  <Object
    Path="D:\ia\SimulationsBoard\Physical\Config1\Hardware.hw"
    LogicalPath="Config1.Hardware.hw"
    Type="File"
    LastWriteTime="132344364655101298"
    Private="false" />
  <Object
    Path="D:\ia\SimulationsBoard\Physical\Config1\Hardware.hwl"
    LogicalPath="Config1.Hardware.hwl"
    Type="File"
    LastWriteTime="132344390411193921"
    Private="false" />
  <Object
    Path="D:\ia\SimulationsBoard\Physical\Config1\X20CP1584\Cpu.pkg"
    LogicalPath="Config1.X20CP1584"
    Type="Cpu"
    LastWriteTime="132348764362007999" />
  <Object
    Path="D:\ia\SimulationsBoard\Physical\Config1\X20CP1584\Cpu.sw"
    LogicalPath="Config1.X20CP1584.Cpu.sw"
    Type="File"
    LastWriteTime="132355728854700888"
    Private="false" />
  <Object
    Path="D:\ia\SimulationsBoard\Physical\Config1\X20CP1584\Cpu.per"
    LogicalPath="Config1.X20CP1584.Cpu.per"
    Type="File"
    LastWriteTime="132344348194838246"
    Private="false" />
  <Object
    Path="D:\ia\SimulationsBoard\Physical\Config1\X20CP1584\IoMap.iom"
    LogicalPath="Config1.X20CP1584.IoMap.iom"
    Type="File"
    LastWriteTime="132355676149876470"
    Private="false" />
  <Object
    Path="D:\ia\SimulationsBoard\Physical\Config1\X20CP1584\PvMap.vvm"
    LogicalPath="Config1.X20CP1584.PvMap.vvm"
    Type="File"
    LastWriteTime="132344348194994508"
    Private="false" />
  <Object
    Path="D:\ia\SimulationsBoard\Physical\Config1\X20CP1584\Connectivity\Package.pkg"
    LogicalPath="Config1.X20CP1584.Connectivity"
    Type="Package"
    LastWriteTime="132344348196400924" />
  <Object
    Path="D:\ia\SimulationsBoard\Physical\Config1\X20CP1584\Connectivity\OpcUA\Package.pkg"
    LogicalPath="Config1.X20CP1584.Connectivity.OpcUA"
    Type="Package"
    LastWriteTime="132344348196400924" />
  <Object
    Path="D:\ia\SimulationsBoard\Physical\Config1\X20CP1584\TextSystem\Package.pkg"
    LogicalPath="Config1.X20CP1584.TextSystem"
    Type="Package"
    LastWriteTime="132344348196400924" />
  <Object
    Path="D:\ia\SimulationsBoard\Physical\Config1\X20CP1584\UnitSystem\Package.pkg"
    LogicalPath="Config1.X20CP1584.UnitSystem"
    Type="Package"
    LastWriteTime="132344348196400924" />
  <Object
    Path="D:\ia\SimulationsBoard\Physical\Config1\X20CP1584\AccessAndSecurity\Package.pkg"
    LogicalPath="Config1.X20CP1584.AccessAndSecurity"
    Type="Package"
    LastWriteTime="132344348197025750" />
  <Object
    Path="D:\ia\SimulationsBoard\Physical\Config1\X20CP1584\AccessAndSecurity\UserRoleSystem\Package.pkg"
    LogicalPath="Config1.X20CP1584.AccessAndSecurity.UserRoleSystem"
    Type="Package"
    LastWriteTime="132344348196713609" />
  <Object
    Path="D:\ia\SimulationsBoard\Physical\Config1\X20CP1584\AccessAndSecurity\UserRoleSystem\Role.role"
    LogicalPath="Config1.X20CP1584.AccessAndSecurity.UserRoleSystem.Role.role"
    Type="File"
    LastWriteTime="132344348196557034"
    Private="false" />
  <Object
    Path="D:\ia\SimulationsBoard\Physical\Config1\X20CP1584\AccessAndSecurity\UserRoleSystem\User.user"
    LogicalPath="Config1.X20CP1584.AccessAndSecurity.UserRoleSystem.User.user"
    Type="File"
    LastWriteTime="132344348196713609"
    Private="false" />
  <Object
    Path="D:\ia\SimulationsBoard\Physical\Config1\X20CP1584\AccessAndSecurity\CertificateStore\Package.pkg"
    LogicalPath="Config1.X20CP1584.AccessAndSecurity.CertificateStore"
    Type="Package"
    LastWriteTime="132344348196869519" />
  <Object
    Path="D:\ia\SimulationsBoard\Physical\Config1\X20CP1584\AccessAndSecurity\CertificateStore\OwnCertificates\Package.pkg"
    LogicalPath="Config1.X20CP1584.AccessAndSecurity.CertificateStore.OwnCertificates"
    Type="Package"
    LastWriteTime="132344348196713609" />
  <Object
    Path="D:\ia\SimulationsBoard\Physical\Config1\X20CP1584\AccessAndSecurity\CertificateStore\OwnCertificates\Certificates\Package.pkg"
    LogicalPath="Config1.X20CP1584.AccessAndSecurity.CertificateStore.OwnCertificates.Certificates"
    Type="Package"
    LastWriteTime="132344348196713609" />
  <Object
    Path="D:\ia\SimulationsBoard\Physical\Config1\X20CP1584\AccessAndSecurity\CertificateStore\OwnCertificates\PrivateKeys\Package.pkg"
    LogicalPath="Config1.X20CP1584.AccessAndSecurity.CertificateStore.OwnCertificates.PrivateKeys"
    Type="Package"
    LastWriteTime="132344348196713609" />
  <Object
    Path="D:\ia\SimulationsBoard\Physical\Config1\X20CP1584\AccessAndSecurity\CertificateStore\ThirdPartyCertificates\Package.pkg"
    LogicalPath="Config1.X20CP1584.AccessAndSecurity.CertificateStore.ThirdPartyCertificates"
    Type="Package"
    LastWriteTime="132344348196869519" />
  <Object
    Path="D:\ia\SimulationsBoard\Physical\Config1\X20CP1584\AccessAndSecurity\CertificateStore\ThirdPartyCertificates\SoftwareCertificates\Package.pkg"
    LogicalPath="Config1.X20CP1584.AccessAndSecurity.CertificateStore.ThirdPartyCertificates.SoftwareCertificates"
    Type="Package"
    LastWriteTime="132344348196869519" />
  <Object
    Path="D:\ia\SimulationsBoard\Physical\Config1\X20CP1584\AccessAndSecurity\CertificateStore\CertificateRevocationLists\Package.pkg"
    LogicalPath="Config1.X20CP1584.AccessAndSecurity.CertificateStore.CertificateRevocationLists"
    Type="Package"
    LastWriteTime="132344348196869519" />
  <Object
    Path="D:\ia\SimulationsBoard\Physical\Config1\X20CP1584\AccessAndSecurity\CertificateStore\CertificateSigningRequests\Package.pkg"
    LogicalPath="Config1.X20CP1584.AccessAndSecurity.CertificateStore.CertificateSigningRequests"
    Type="Package"
    LastWriteTime="132344348196869519" />
  <Object
    Path="D:\ia\SimulationsBoard\Physical\Config1\X20CP1584\AccessAndSecurity\TransportLayerSecurity\Package.pkg"
    LogicalPath="Config1.X20CP1584.AccessAndSecurity.TransportLayerSecurity"
    Type="Package"
    LastWriteTime="132344348196869519" />
  <Object
    Path="D:\ia\SimulationsBoard\Physical\Config1\X20CP1584\AccessAndSecurity\Firewall\Package.pkg"
    LogicalPath="Config1.X20CP1584.AccessAndSecurity.Firewall"
    Type="Package"
    LastWriteTime="132344348197025750" />
  <Object
    Path="D:\ia\SimulationsBoard\Physical\Config1\X20CP1584\AccessAndSecurity\Firewall\Rules.firewallRules"
    LogicalPath="Config1.X20CP1584.AccessAndSecurity.Firewall.Rules.firewallRules"
    Type="File"
    LastWriteTime="132344348197025750"
    Private="false" />
  <Object
    Path="D:\ia\SimulationsBoard\Physical\Config1\X20CP1584\mappControl\Package.pkg"
    LogicalPath="Config1.X20CP1584.mappControl"
    Type="Package"
    LastWriteTime="132344348197025750" />
  <Object
    Path="D:\ia\SimulationsBoard\Physical\Config1\X20CP1584\mappMotion\Package.pkg"
    LogicalPath="Config1.X20CP1584.mappMotion"
    Type="Package"
    LastWriteTime="132344348197182120" />
  <Object
    Path="D:\ia\SimulationsBoard\Physical\Config1\X20CP1584\mappServices\Package.pkg"
    LogicalPath="Config1.X20CP1584.mappServices"
    Type="Package"
    LastWriteTime="132344348197182120" />
  <Object
    Path="D:\ia\SimulationsBoard\Physical\Config1\X20CP1584\mappView\Package.pkg"
    LogicalPath="Config1.X20CP1584.mappView"
    Type="Package"
    LastWriteTime="132344348197182120" />
  <Object
    Path="D:\ia\SimulationsBoard\Physical\Config1\X20CP1584\mappCockpit\Package.pkg"
    LogicalPath="Config1.X20CP1584.mappCockpit"
    Type="Package"
    LastWriteTime="132344348197182120" />
  <Object
    Path="D:\ia\SimulationsBoard\Physical\Config1\Hardware.jpg"
    LogicalPath="Config1.Hardware.jpg"
    Type="File"
    LastWriteTime="132344390411193921"
    Private="false" />
</Objects>